<?xml version="1.0" encoding="UTF-8"?>
<coverage generated="1663667256221" clover="3.2.0">
  <project timestamp="1663667256222" name="All files">
    <metrics statements="13" coveredstatements="13" conditionals="2" coveredconditionals="2" methods="5" coveredmethods="5" elements="20" coveredelements="20" complexity="0" loc="13" ncloc="13" packages="1" files="1" classes="1"/>
    <file name="functions.js" path="/home/forest/Documents/node_planner/server/controllers/functions.js">
      <metrics statements="13" coveredstatements="13" conditionals="2" coveredconditionals="2" methods="5" coveredmethods="5"/>
      <line num="3" count="3" type="stmt"/>
      <line num="10" count="1" type="stmt"/>
      <line num="11" count="1" type="stmt"/>
      <line num="12" count="1" type="stmt"/>
      <line num="13" count="2" type="stmt"/>
      <line num="19" count="1" type="stmt"/>
      <line num="24" count="3" type="stmt"/>
      <line num="25" count="6" type="cond" truecount="2" falsecount="0"/>
      <line num="26" count="4" type="stmt"/>
      <line num="27" count="5" type="stmt"/>
      <line num="28" count="4" type="stmt"/>
      <line num="30" count="1" type="stmt"/>
      <line num="34" count="3" type="stmt"/>
    </file>
  </project>
</coverage>
