<?xml version="1.0" encoding="UTF-8"?>
<coverage generated="1663662941499" clover="3.2.0">
  <project timestamp="1663662941500" name="All files">
    <metrics statements="11" coveredstatements="5" conditionals="4" coveredconditionals="0" methods="5" coveredmethods="1" elements="20" coveredelements="6" complexity="0" loc="11" ncloc="11" packages="1" files="1" classes="1"/>
    <file name="functions.js" path="/home/forest/Documents/node_planner/server/controllers/functions.js">
      <metrics statements="11" coveredstatements="5" conditionals="4" coveredconditionals="0" methods="5" coveredmethods="1"/>
      <line num="3" count="0" type="stmt"/>
      <line num="10" count="1" type="stmt"/>
      <line num="11" count="1" type="stmt"/>
      <line num="12" count="1" type="stmt"/>
      <line num="13" count="1" type="stmt"/>
      <line num="19" count="1" type="stmt"/>
      <line num="24" count="0" type="stmt"/>
      <line num="25" count="0" type="cond" truecount="0" falsecount="2"/>
      <line num="26" count="0" type="stmt"/>
      <line num="27" count="0" type="cond" truecount="0" falsecount="2"/>
      <line num="30" count="0" type="stmt"/>
    </file>
  </project>
</coverage>
