{"/home/forest/Documents/node_planner/server/controllers/functions.js": {"path":"/home/forest/Documents/node_planner/server/controllers/functions.js","statementMap":{"0":{"start":{"line":3,"column":2},"end":{"line":3,"column":51}},"1":{"start":{"line":3,"column":38},"end":{"line":3,"column":49}},"2":{"start":{"line":10,"column":14},"end":{"line":10,"column":16}},"3":{"start":{"line":11,"column":15},"end":{"line":11,"column":31}},"4":{"start":{"line":12,"column":2},"end":{"line":18,"column":3}},"5":{"start":{"line":13,"column":4},"end":{"line":17,"column":7}},"6":{"start":{"line":19,"column":2},"end":{"line":19,"column":13}},"7":{"start":{"line":24,"column":2},"end":{"line":33,"column":3}},"8":{"start":{"line":25,"column":4},"end":{"line":32,"column":5}},"9":{"start":{"line":26,"column":6},"end":{"line":31,"column":7}},"10":{"start":{"line":27,"column":21},"end":{"line":27,"column":66}},"11":{"start":{"line":27,"column":42},"end":{"line":27,"column":65}},"12":{"start":{"line":28,"column":8},"end":{"line":28,"column":34}},"13":{"start":{"line":30,"column":8},"end":{"line":30,"column":54}},"14":{"start":{"line":34,"column":2},"end":{"line":34,"column":15}}},"fnMap":{"0":{"name":"stringToArray","decl":{"start":{"line":2,"column":9},"end":{"line":2,"column":22}},"loc":{"start":{"line":2,"column":28},"end":{"line":4,"column":1}},"line":2},"1":{"name":"(anonymous_1)","decl":{"start":{"line":3,"column":28},"end":{"line":3,"column":29}},"loc":{"start":{"line":3,"column":38},"end":{"line":3,"column":49}},"line":3},"2":{"name":"formatData","decl":{"start":{"line":9,"column":9},"end":{"line":9,"column":19}},"loc":{"start":{"line":9,"column":31},"end":{"line":20,"column":1}},"line":9},"3":{"name":"colourPlans","decl":{"start":{"line":23,"column":9},"end":{"line":23,"column":20}},"loc":{"start":{"line":23,"column":35},"end":{"line":35,"column":1}},"line":23},"4":{"name":"(anonymous_4)","decl":{"start":{"line":27,"column":32},"end":{"line":27,"column":33}},"loc":{"start":{"line":27,"column":42},"end":{"line":27,"column":65}},"line":27}},"branchMap":{"0":{"loc":{"start":{"line":25,"column":4},"end":{"line":32,"column":5}},"type":"if","locations":[{"start":{"line":25,"column":4},"end":{"line":32,"column":5}},{"start":{},"end":{}}],"line":25}},"s":{"0":1,"1":3,"2":1,"3":1,"4":1,"5":2,"6":1,"7":3,"8":6,"9":4,"10":4,"11":5,"12":4,"13":1,"14":3},"f":{"0":1,"1":3,"2":1,"3":3,"4":5},"b":{"0":[4,2]},"_coverageSchema":"1a1c01bbd47fc00a2c39e90264f33305004495a9","hash":"c550b57595c886c6c4fded56bfabb0ee308ae810"}
}
